[2017-11-23 11:13:06]	Failed Open file Failed Open file 
[2017-11-23 11:13:06]	Error read file
[2017-11-23 11:13:06]	D:\Users\hujz\Workspaces\MyEclipse Blue 2014\ICTCLAS_Java\dic\11.txt
[2017-11-23 11:13:06]	Error read file
[2017-11-23 11:13:06]	D:\1.txt
[2017-11-23 11:14:13]	Failed Open file Failed Open file 
[2017-11-23 11:14:13]	Error read file
[2017-11-23 11:14:13]	D:\Users\hujz\Workspaces\MyEclipse Blue 2014\ICTCLAS_Java\dic\11.txt
[2017-11-23 11:14:13]	Error read file
[2017-11-23 11:14:13]	D:\1.txt
[2017-11-23 11:15:53]	Failed Open file Failed Open file 
[2017-11-23 11:15:53]	Error read file
[2017-11-23 11:15:53]	D:\Users\hujz\Workspaces\MyEclipse Blue 2014\ICTCLAS_Java\dic\11.txt
[2017-11-23 11:15:53]	Error read file
[2017-11-23 11:15:53]	D:\1.txt
[2017-11-23 11:17:40]	Error read file
[2017-11-23 11:17:40]	D:\1.txt
[2017-11-23 11:20:04]	Error read file
[2017-11-23 11:20:04]	D:\1.txt
[2017-11-23 11:20:31]	Error read file
[2017-11-23 11:20:31]	D:\1.txt
[2017-11-23 11:23:30]	Failed Open file §³

[2017-11-23 11:23:30]	Error read file
[2017-11-23 11:23:30]	\dict\11.txt
[2017-11-23 11:23:30]	Error read file
[2017-11-23 11:23:30]	D:\1.txt
[2017-11-23 11:35:22]	Error read file
[2017-11-23 11:35:22]	dict/æµ·å£åœ°åè¡—é“å.txt
[2017-11-23 11:35:22]	Error read file
[2017-11-23 11:35:22]	dict/æµ·å£å¸‚åŸå¸‚ä¿¡æ¯ç²¾é€‰.txt
[2017-11-23 11:35:22]	Error read file
[2017-11-23 11:35:22]	dict/æµ·å£å¸‚å…¬äº¤ç«™å.txt
[2017-11-23 11:35:22]	Error read file
[2017-11-23 11:35:22]	dict/æµ·å£å¸‚è¡Œæ”¿åŒºåˆ’åœ°å.txt
[2017-11-23 11:35:22]	Error read file
[2017-11-23 11:35:22]	dict/æµ·å£å¸‚ä¿¡æ¯å¤§å…¨.txt
