[2017-11-23 11:13:06]	Open file failed 
[2017-11-23 11:13:06]	D:\3.txt
[2017-11-23 11:14:13]	Open file failed 
[2017-11-23 11:14:13]	D:\3.txt
[2017-11-23 11:15:53]	Open file failed 
[2017-11-23 11:15:53]	D:\3.txt
[2017-11-23 11:17:40]	Open file failed 
[2017-11-23 11:17:40]	D:\3.txt
[2017-11-23 11:20:04]	Open file failed 
[2017-11-23 11:20:04]	D:\3.txt
[2017-11-23 11:20:31]	Open file failed 
[2017-11-23 11:20:31]	D:\3.txt
[2017-11-23 11:23:30]	Open file failed 
[2017-11-23 11:23:30]	D:\3.txt
[2017-11-23 11:35:22]	海口市 ns->n
[2017-11-23 11:35:22]	海秀路 ns->n
[2017-11-23 11:35:22]	和平路 ns->n
[2017-11-23 11:35:22]	解放路 ns->n
[2017-11-23 11:35:22]	琼山市 ns->n
[2017-11-23 11:35:22]	万绿园 ns->n
[2017-11-23 11:35:22]	新华路 ns->n
[2017-11-23 11:35:22]	阿迪达斯 nz->n
[2017-11-23 11:35:22]	安踏 nz->n
[2017-11-23 11:35:22]	北岸 s->n
[2017-11-23 11:35:22]	昌平 ns->n
[2017-11-23 11:35:22]	城西乡 ns->n
[2017-11-23 11:35:22]	东湖 ns->n
[2017-11-23 11:35:22]	东门外 s->n
[2017-11-23 11:35:22]	东营 ns->n
[2017-11-23 11:35:22]	芬兰 nsf->n
[2017-11-23 11:35:22]	丰宁 ns->n
[2017-11-23 11:35:22]	福安 ns->n
[2017-11-23 11:35:22]	府城 ns->n
[2017-11-23 11:35:22]	古桥 nz->n
[2017-11-23 11:35:22]	桂南 ns->n
[2017-11-23 11:35:22]	国贸 nz->n
[2017-11-23 11:35:22]	海口市 ns->n
[2017-11-23 11:35:22]	海秀路 ns->n
[2017-11-23 11:35:22]	和平路 ns->n
[2017-11-23 11:35:22]	红星村 ns->n
[2017-11-23 11:35:22]	吉安 ns->n
[2017-11-23 11:35:22]	解放路 ns->n
[2017-11-23 11:35:22]	旧村 ns->n
[2017-11-23 11:35:22]	昆山 ns->n
[2017-11-23 11:35:22]	乐安 ns->n
[2017-11-23 11:35:22]	灵山 ns->n
[2017-11-23 11:35:22]	龙华区 ns->n
[2017-11-23 11:35:22]	龙里 ns->n
[2017-11-23 11:35:22]	龙山 ns->n
[2017-11-23 11:35:22]	美兰区 ns->n
[2017-11-23 11:35:22]	梅坡村 ns->n
[2017-11-23 11:35:22]	蒙古人 nz->n
[2017-11-23 11:35:22]	耐克 nrf->n
[2017-11-23 11:35:22]	南山 ns->n
[2017-11-23 11:35:22]	南山村 ns->n
[2017-11-23 11:35:22]	南站 ns->n
[2017-11-23 11:35:22]	琼山 ns->n
[2017-11-23 11:35:22]	琼山区 ns->n
[2017-11-23 11:35:22]	三桥村 ns->n
[2017-11-23 11:35:22]	山上 s->n
[2017-11-23 11:35:22]	太平村 ns->n
[2017-11-23 11:35:22]	田头 s->n
[2017-11-23 11:35:22]	万绿园 ns->n
[2017-11-23 11:35:22]	文昌 ns->n
[2017-11-23 11:35:22]	西村 ns->n
[2017-11-23 11:35:22]	西坑村 ns->n
[2017-11-23 11:35:22]	溪头 ns->n
[2017-11-23 11:35:22]	下塘村 ns->n
[2017-11-23 11:35:22]	新民 ns->n
[2017-11-23 11:35:22]	新市村 ns->n
[2017-11-23 11:35:22]	新宅村 ns->n
[2017-11-23 11:35:22]	秀英区 ns->n
[2017-11-23 11:35:22]	演丰镇 ns->n
[2017-11-23 11:35:22]	镇海村 ns->n
[2017-11-23 11:35:22]	真维斯 nz->n
[2017-11-23 11:35:22]	中国电信 nt->n
[2017-11-23 11:35:22]	中山路 ns->n
[2017-11-23 11:35:22]	竹园村 ns->n
[2017-11-23 11:35:22]	左邻右舍 nl->n
[2017-11-23 11:35:22]	东湖 ns->n
[2017-11-23 11:35:22]	东营 ns->n
[2017-11-23 11:35:22]	府城 ns->n
[2017-11-23 11:35:22]	灵山 ns->n
[2017-11-23 11:35:22]	琼山 ns->n
[2017-11-23 11:35:22]	万绿园 ns->n
[2017-11-23 11:35:22]	中山路 ns->n
[2017-11-23 11:35:22]	安仁 ns->n
[2017-11-23 11:35:22]	白沙 ns->n
[2017-11-23 11:35:22]	长丰 ns->n
[2017-11-23 11:35:22]	长泰 ns->n
[2017-11-23 11:35:22]	城东 s->n
[2017-11-23 11:35:22]	福安 ns->n
[2017-11-23 11:35:22]	府城 ns->n
[2017-11-23 11:35:22]	光明 a->n
[2017-11-23 11:35:22]	桂林 ns->n
[2017-11-23 11:35:22]	海口市 ns->n
[2017-11-23 11:35:22]	和平 a->n
[2017-11-23 11:35:22]	合群 a->n
[2017-11-23 11:35:22]	红星村 ns->n
[2017-11-23 11:35:22]	甲子 m->n
[2017-11-23 11:35:22]	灵山 ns->n
[2017-11-23 11:35:22]	龙华区 ns->n
[2017-11-23 11:35:22]	龙泉 ns->n
[2017-11-23 11:35:22]	美兰区 ns->n
[2017-11-23 11:35:22]	琼山 ns->n
[2017-11-23 11:35:22]	琼山区 ns->n
[2017-11-23 11:35:22]	三联 nz->n
[2017-11-23 11:35:22]	三桥 ns->n
[2017-11-23 11:35:22]	三桥村 ns->n
[2017-11-23 11:35:22]	五一 t->n
[2017-11-23 11:35:22]	新昌 ns->n
[2017-11-23 11:35:22]	新联 nz->n
[2017-11-23 11:35:22]	新民 ns->n
[2017-11-23 11:35:22]	秀英区 ns->n
[2017-11-23 11:35:22]	演丰镇 ns->n
[2017-11-23 11:35:22]	友爱 a->n
[2017-11-23 11:35:22]	云岭 ns->n
[2017-11-23 11:35:22]	镇海 ns->n
[2017-11-23 11:35:22]	镇海村 ns->n
[2017-11-23 11:35:22]	中山 ns->n
[2017-11-23 11:35:22]	巴哈马 nsf->n
[2017-11-23 11:35:22]	白沙县 ns->n
[2017-11-23 11:35:22]	保亭 ns->n
[2017-11-23 11:35:22]	保亭县 ns->n
[2017-11-23 11:35:22]	昌江 ns->n
[2017-11-23 11:35:22]	呈报 v->n
[2017-11-23 11:35:22]	澄迈 ns->n
[2017-11-23 11:35:22]	澄迈县 ns->n
[2017-11-23 11:35:22]	儋州 ns->n
[2017-11-23 11:35:22]	儋州市 ns->n
[2017-11-23 11:35:22]	定安县 ns->n
[2017-11-23 11:35:22]	东方市 ns->n
[2017-11-23 11:35:22]	凡尔赛 nsf->n
[2017-11-23 11:35:22]	府城 ns->n
[2017-11-23 11:35:22]	割胶 vn->n
[2017-11-23 11:35:22]	观澜湖 ns->n
[2017-11-23 11:35:22]	国贸 nz->n
[2017-11-23 11:35:22]	海航集团 nt->n
[2017-11-23 11:35:22]	海口市 ns->n
[2017-11-23 11:35:22]	海南 ns->n
[2017-11-23 11:35:22]	海南岛 ns->n
[2017-11-23 11:35:22]	海南省 ns->n
[2017-11-23 11:35:22]	海盛 nz->n
[2017-11-23 11:35:22]	海秀路 ns->n
[2017-11-23 11:35:22]	寰岛 nz->n
[2017-11-23 11:35:22]	乐东县 ns->n
[2017-11-23 11:35:22]	黎族 nz->n
[2017-11-23 11:35:22]	临高 ns->n
[2017-11-23 11:35:22]	临高县 ns->n
[2017-11-23 11:35:22]	陵水 ns->n
[2017-11-23 11:35:22]	陵水县 ns->n
[2017-11-23 11:35:22]	龙华区 ns->n
[2017-11-23 11:35:22]	鹿回头 ns->n
[2017-11-23 11:35:22]	美兰区 ns->n
[2017-11-23 11:35:22]	那大 ns->n
[2017-11-23 11:35:22]	南亚 ns->n
[2017-11-23 11:35:22]	琼海 ns->n
[2017-11-23 11:35:22]	琼海市 ns->n
[2017-11-23 11:35:22]	琼山 ns->n
[2017-11-23 11:35:22]	琼山区 ns->n
[2017-11-23 11:35:22]	琼中 ns->n
[2017-11-23 11:35:22]	琼中县 ns->n
[2017-11-23 11:35:22]	琼州 ns->n
[2017-11-23 11:35:22]	三亚 ns->n
[2017-11-23 11:35:22]	三亚市 ns->n
[2017-11-23 11:35:22]	屯昌 ns->n
[2017-11-23 11:35:22]	屯昌县 ns->n
[2017-11-23 11:35:22]	万国 b->n
[2017-11-23 11:35:22]	万绿园 ns->n
[2017-11-23 11:35:22]	万宁 ns->n
[2017-11-23 11:35:22]	万宁市 ns->n
[2017-11-23 11:35:22]	万泉河 ns->n
[2017-11-23 11:35:22]	文昌 ns->n
[2017-11-23 11:35:22]	文昌市 ns->n
[2017-11-23 11:35:22]	五指山 ns->n
[2017-11-23 11:35:22]	五指山市 ns->n
[2017-11-23 11:35:22]	西沙 ns->n
[2017-11-23 11:35:22]	秀英区 ns->n
[2017-11-23 11:35:22]	崖城 ns->n
[2017-11-23 11:35:22]	亚龙湾 ns->n
[2017-11-23 11:35:22]	洋浦 ns->n
